<?xml version="1.0" encoding="UTF-8"?>
<testng-results skipped="5" failed="0" total="5" passed="0">
  <reporter-output>
  </reporter-output>
  <suite name="Command line suite" duration-ms="72009" started-at="2019-06-02T18:02:44Z" finished-at="2019-06-02T18:03:56Z">
    <groups>
    </groups>
    <test name="Command line test" duration-ms="72009" started-at="2019-06-02T18:02:44Z" finished-at="2019-06-02T18:03:56Z">
      <class name="com.hilton.TestCases.LoginPageTest">
        <test-method status="FAIL" signature="setup()[pri:0, instance:com.hilton.TestCases.LoginPageTest@3a03464]" name="setup" is-config="true" duration-ms="0" started-at="2019-06-02T23:32:44Z" finished-at="2019-06-02T23:32:44Z">
          <exception class="org.openqa.selenium.WebDriverException">
            <message>
              <![CDATA[Reached error page: about:neterror?e=netTimeout&u=http%3A//www3-iwv-stg.hilton.com/en/index.html&c=UTF-8&f=regular&d=The%20server%20at%20www3-iwv-stg.hilton.com%20is%20taking%20too%20long%20to%20respond.
Build info: version: '3.4.0', revision: 'unknown', time: 'unknown'
System info: host: 'CBR-LAP-DEL2443', ip: '192.168.0.101', os.name: 'Windows 7', os.arch: 'amd64', os.version: '6.1', java.version: '1.8.0_73'
Driver info: org.openqa.selenium.firefox.FirefoxDriver
Capabilities [{moz:profile=C:\Users\nawkumar\AppData\Local\Temp\rust_mozprofile.rJO0iV8UnyL4, rotatable=false, moz:geckodriverVersion=0.24.0, timeouts={implicit=0.0, pageLoad=300000.0, script=30000.0}, pageLoadStrategy=normal, unhandledPromptBehavior=dismiss and notify, strictFileInteractability=false, moz:headless=false, platform=ANY, moz:accessibilityChecks=false, moz:useNonSpecCompliantPointerOrigin=false, acceptInsecureCerts=false, browserVersion=67.0, moz:shutdownTimeout=60000.0, platformVersion=6.1, moz:processID=17952.0, browserName=firefox, moz:buildID=20190516215225, javascriptEnabled=true, platformName=windows, setWindowRect=true, moz:webdriverClick=true}]
Session ID: 3bfb3cbf-1a14-451a-a6cc-87a722fe6c9b]]>
            </message>
            <full-stacktrace>
              <![CDATA[org.openqa.selenium.WebDriverException: Reached error page: about:neterror?e=netTimeout&u=http%3A//www3-iwv-stg.hilton.com/en/index.html&c=UTF-8&f=regular&d=The%20server%20at%20www3-iwv-stg.hilton.com%20is%20taking%20too%20long%20to%20respond.
Build info: version: '3.4.0', revision: 'unknown', time: 'unknown'
System info: host: 'CBR-LAP-DEL2443', ip: '192.168.0.101', os.name: 'Windows 7', os.arch: 'amd64', os.version: '6.1', java.version: '1.8.0_73'
Driver info: org.openqa.selenium.firefox.FirefoxDriver
Capabilities [{moz:profile=C:\Users\nawkumar\AppData\Local\Temp\rust_mozprofile.rJO0iV8UnyL4, rotatable=false, moz:geckodriverVersion=0.24.0, timeouts={implicit=0.0, pageLoad=300000.0, script=30000.0}, pageLoadStrategy=normal, unhandledPromptBehavior=dismiss and notify, strictFileInteractability=false, moz:headless=false, platform=ANY, moz:accessibilityChecks=false, moz:useNonSpecCompliantPointerOrigin=false, acceptInsecureCerts=false, browserVersion=67.0, moz:shutdownTimeout=60000.0, platformVersion=6.1, moz:processID=17952.0, browserName=firefox, moz:buildID=20190516215225, javascriptEnabled=true, platformName=windows, setWindowRect=true, moz:webdriverClick=true}]
Session ID: 3bfb3cbf-1a14-451a-a6cc-87a722fe6c9b
	at sun.reflect.NativeConstructorAccessorImpl.newInstance0(Native Method)
	at sun.reflect.NativeConstructorAccessorImpl.newInstance(NativeConstructorAccessorImpl.java:62)
	at sun.reflect.DelegatingConstructorAccessorImpl.newInstance(DelegatingConstructorAccessorImpl.java:45)
	at java.lang.reflect.Constructor.newInstance(Constructor.java:422)
	at org.openqa.selenium.remote.http.W3CHttpResponseCodec.createException(W3CHttpResponseCodec.java:150)
	at org.openqa.selenium.remote.http.W3CHttpResponseCodec.decode(W3CHttpResponseCodec.java:115)
	at org.openqa.selenium.remote.http.W3CHttpResponseCodec.decode(W3CHttpResponseCodec.java:45)
	at org.openqa.selenium.remote.HttpCommandExecutor.execute(HttpCommandExecutor.java:164)
	at org.openqa.selenium.remote.service.DriverCommandExecutor.execute(DriverCommandExecutor.java:82)
	at org.openqa.selenium.remote.RemoteWebDriver.execute(RemoteWebDriver.java:637)
	at org.openqa.selenium.remote.RemoteWebDriver.get(RemoteWebDriver.java:364)
	at com.hilton.TestBase.TestBase.init(TestBase.java:51)
	at com.hilton.TestCases.LoginPageTest.setup(LoginPageTest.java:30)
	at sun.reflect.NativeMethodAccessorImpl.invoke0(Native Method)
	at sun.reflect.NativeMethodAccessorImpl.invoke(NativeMethodAccessorImpl.java:62)
	at sun.reflect.DelegatingMethodAccessorImpl.invoke(DelegatingMethodAccessorImpl.java:43)
	at java.lang.reflect.Method.invoke(Method.java:497)
	at org.testng.internal.MethodInvocationHelper.invokeMethod(MethodInvocationHelper.java:80)
	at org.testng.internal.Invoker.invokeConfigurationMethod(Invoker.java:564)
	at org.testng.internal.Invoker.invokeConfigurations(Invoker.java:213)
	at org.testng.internal.Invoker.invokeMethod(Invoker.java:653)
	at org.testng.internal.Invoker.invokeTestMethod(Invoker.java:901)
	at org.testng.internal.Invoker.invokeTestMethods(Invoker.java:1231)
	at org.testng.internal.TestMethodWorker.invokeTestMethods(TestMethodWorker.java:127)
	at org.testng.internal.TestMethodWorker.run(TestMethodWorker.java:111)
	at org.testng.TestRunner.privateRun(TestRunner.java:767)
	at org.testng.TestRunner.run(TestRunner.java:617)
	at org.testng.SuiteRunner.runTest(SuiteRunner.java:334)
	at org.testng.SuiteRunner.runSequentially(SuiteRunner.java:329)
	at org.testng.SuiteRunner.privateRun(SuiteRunner.java:291)
	at org.testng.SuiteRunner.run(SuiteRunner.java:240)
	at org.testng.SuiteRunnerWorker.runSuite(SuiteRunnerWorker.java:52)
	at org.testng.SuiteRunnerWorker.run(SuiteRunnerWorker.java:86)
	at org.testng.TestNG.runSuitesSequentially(TestNG.java:1198)
	at org.testng.TestNG.runSuitesLocally(TestNG.java:1123)
	at org.testng.TestNG.run(TestNG.java:1031)
	at org.apache.maven.surefire.testng.TestNGExecutor.run(TestNGExecutor.java:77)
	at org.apache.maven.surefire.testng.TestNGDirectoryTestSuite.executeMulti(TestNGDirectoryTestSuite.java:159)
	at org.apache.maven.surefire.testng.TestNGDirectoryTestSuite.execute(TestNGDirectoryTestSuite.java:99)
	at org.apache.maven.surefire.testng.TestNGProvider.invoke(TestNGProvider.java:106)
	at sun.reflect.NativeMethodAccessorImpl.invoke0(Native Method)
	at sun.reflect.NativeMethodAccessorImpl.invoke(NativeMethodAccessorImpl.java:62)
	at sun.reflect.DelegatingMethodAccessorImpl.invoke(DelegatingMethodAccessorImpl.java:43)
	at java.lang.reflect.Method.invoke(Method.java:497)
	at org.apache.maven.surefire.util.ReflectionUtils.invokeMethodWithArray(ReflectionUtils.java:189)
	at org.apache.maven.surefire.booter.ProviderFactory$ProviderProxy.invoke(ProviderFactory.java:165)
	at org.apache.maven.surefire.booter.ProviderFactory.invokeProvider(ProviderFactory.java:85)
	at org.apache.maven.surefire.booter.ForkedBooter.runSuitesInProcess(ForkedBooter.java:115)
	at org.apache.maven.surefire.booter.ForkedBooter.main(ForkedBooter.java:75)
]]>
            </full-stacktrace>
          </exception> <!-- org.openqa.selenium.WebDriverException -->
          <reporter-output>
          </reporter-output>
        </test-method> <!-- setup -->
        <test-method status="SKIP" signature="verifyLoginPageTitle()[pri:0, instance:com.hilton.TestCases.LoginPageTest@3a03464]" name="verifyLoginPageTitle" duration-ms="1" started-at="2019-06-02T23:33:22Z" finished-at="2019-06-02T23:33:22Z">
          <reporter-output>
          </reporter-output>
        </test-method> <!-- verifyLoginPageTitle -->
        <test-method status="SKIP" signature="closeBrowser()[pri:0, instance:com.hilton.TestCases.LoginPageTest@3a03464]" name="closeBrowser" is-config="true" duration-ms="0" started-at="2019-06-02T23:33:22Z" finished-at="2019-06-02T23:33:22Z">
          <reporter-output>
          </reporter-output>
        </test-method> <!-- closeBrowser -->
        <test-method status="SKIP" signature="loginSuccess()[pri:0, instance:com.hilton.TestCases.LoginPageTest@3a03464]" name="loginSuccess" duration-ms="0" started-at="2019-06-02T23:33:56Z" finished-at="2019-06-02T23:33:56Z">
          <reporter-output>
          </reporter-output>
        </test-method> <!-- loginSuccess -->
        <test-method status="SKIP" signature="closeBrowser()[pri:0, instance:com.hilton.TestCases.LoginPageTest@3a03464]" name="closeBrowser" is-config="true" duration-ms="0" started-at="2019-06-02T23:33:56Z" finished-at="2019-06-02T23:33:56Z">
          <reporter-output>
          </reporter-output>
        </test-method> <!-- closeBrowser -->
        <test-method status="SKIP" signature="setup()[pri:0, instance:com.hilton.TestCases.LoginPageTest@3a03464]" name="setup" is-config="true" duration-ms="0" started-at="2019-06-02T23:33:56Z" finished-at="2019-06-02T23:33:56Z">
          <reporter-output>
          </reporter-output>
        </test-method> <!-- setup -->
      </class> <!-- com.hilton.TestCases.LoginPageTest -->
      <class name="com.hilton.TestCases.SignInPageTest">
        <test-method status="FAIL" signature="setup()[pri:0, instance:com.hilton.TestCases.SignInPageTest@614c5515]" name="setup" is-config="true" duration-ms="0" started-at="2019-06-02T23:33:22Z" finished-at="2019-06-02T23:33:22Z">
          <exception class="org.openqa.selenium.WebDriverException">
            <message>
              <![CDATA[Reached error page: about:neterror?e=netTimeout&u=http%3A//www3-iwv-stg.hilton.com/en/index.html&c=UTF-8&f=regular&d=The%20server%20at%20www3-iwv-stg.hilton.com%20is%20taking%20too%20long%20to%20respond.
Build info: version: '3.4.0', revision: 'unknown', time: 'unknown'
System info: host: 'CBR-LAP-DEL2443', ip: '192.168.0.101', os.name: 'Windows 7', os.arch: 'amd64', os.version: '6.1', java.version: '1.8.0_73'
Driver info: org.openqa.selenium.firefox.FirefoxDriver
Capabilities [{moz:profile=C:\Users\nawkumar\AppData\Local\Temp\rust_mozprofile.DvIfYsMgbLLG, rotatable=false, moz:geckodriverVersion=0.24.0, timeouts={implicit=0.0, pageLoad=300000.0, script=30000.0}, pageLoadStrategy=normal, unhandledPromptBehavior=dismiss and notify, strictFileInteractability=false, moz:headless=false, platform=ANY, moz:accessibilityChecks=false, moz:useNonSpecCompliantPointerOrigin=false, acceptInsecureCerts=false, browserVersion=67.0, moz:shutdownTimeout=60000.0, platformVersion=6.1, moz:processID=17008.0, browserName=firefox, moz:buildID=20190516215225, javascriptEnabled=true, platformName=windows, setWindowRect=true, moz:webdriverClick=true}]
Session ID: 98ef2852-d218-4b12-88b7-377dc1cfedbb]]>
            </message>
            <full-stacktrace>
              <![CDATA[org.openqa.selenium.WebDriverException: Reached error page: about:neterror?e=netTimeout&u=http%3A//www3-iwv-stg.hilton.com/en/index.html&c=UTF-8&f=regular&d=The%20server%20at%20www3-iwv-stg.hilton.com%20is%20taking%20too%20long%20to%20respond.
Build info: version: '3.4.0', revision: 'unknown', time: 'unknown'
System info: host: 'CBR-LAP-DEL2443', ip: '192.168.0.101', os.name: 'Windows 7', os.arch: 'amd64', os.version: '6.1', java.version: '1.8.0_73'
Driver info: org.openqa.selenium.firefox.FirefoxDriver
Capabilities [{moz:profile=C:\Users\nawkumar\AppData\Local\Temp\rust_mozprofile.DvIfYsMgbLLG, rotatable=false, moz:geckodriverVersion=0.24.0, timeouts={implicit=0.0, pageLoad=300000.0, script=30000.0}, pageLoadStrategy=normal, unhandledPromptBehavior=dismiss and notify, strictFileInteractability=false, moz:headless=false, platform=ANY, moz:accessibilityChecks=false, moz:useNonSpecCompliantPointerOrigin=false, acceptInsecureCerts=false, browserVersion=67.0, moz:shutdownTimeout=60000.0, platformVersion=6.1, moz:processID=17008.0, browserName=firefox, moz:buildID=20190516215225, javascriptEnabled=true, platformName=windows, setWindowRect=true, moz:webdriverClick=true}]
Session ID: 98ef2852-d218-4b12-88b7-377dc1cfedbb
	at sun.reflect.NativeConstructorAccessorImpl.newInstance0(Native Method)
	at sun.reflect.NativeConstructorAccessorImpl.newInstance(NativeConstructorAccessorImpl.java:62)
	at sun.reflect.DelegatingConstructorAccessorImpl.newInstance(DelegatingConstructorAccessorImpl.java:45)
	at java.lang.reflect.Constructor.newInstance(Constructor.java:422)
	at org.openqa.selenium.remote.http.W3CHttpResponseCodec.createException(W3CHttpResponseCodec.java:150)
	at org.openqa.selenium.remote.http.W3CHttpResponseCodec.decode(W3CHttpResponseCodec.java:115)
	at org.openqa.selenium.remote.http.W3CHttpResponseCodec.decode(W3CHttpResponseCodec.java:45)
	at org.openqa.selenium.remote.HttpCommandExecutor.execute(HttpCommandExecutor.java:164)
	at org.openqa.selenium.remote.service.DriverCommandExecutor.execute(DriverCommandExecutor.java:82)
	at org.openqa.selenium.remote.RemoteWebDriver.execute(RemoteWebDriver.java:637)
	at org.openqa.selenium.remote.RemoteWebDriver.get(RemoteWebDriver.java:364)
	at com.hilton.TestBase.TestBase.init(TestBase.java:51)
	at com.hilton.TestCases.SignInPageTest.setup(SignInPageTest.java:27)
	at sun.reflect.NativeMethodAccessorImpl.invoke0(Native Method)
	at sun.reflect.NativeMethodAccessorImpl.invoke(NativeMethodAccessorImpl.java:62)
	at sun.reflect.DelegatingMethodAccessorImpl.invoke(DelegatingMethodAccessorImpl.java:43)
	at java.lang.reflect.Method.invoke(Method.java:497)
	at org.testng.internal.MethodInvocationHelper.invokeMethod(MethodInvocationHelper.java:80)
	at org.testng.internal.Invoker.invokeConfigurationMethod(Invoker.java:564)
	at org.testng.internal.Invoker.invokeConfigurations(Invoker.java:213)
	at org.testng.internal.Invoker.invokeMethod(Invoker.java:653)
	at org.testng.internal.Invoker.invokeTestMethod(Invoker.java:901)
	at org.testng.internal.Invoker.invokeTestMethods(Invoker.java:1231)
	at org.testng.internal.TestMethodWorker.invokeTestMethods(TestMethodWorker.java:127)
	at org.testng.internal.TestMethodWorker.run(TestMethodWorker.java:111)
	at org.testng.TestRunner.privateRun(TestRunner.java:767)
	at org.testng.TestRunner.run(TestRunner.java:617)
	at org.testng.SuiteRunner.runTest(SuiteRunner.java:334)
	at org.testng.SuiteRunner.runSequentially(SuiteRunner.java:329)
	at org.testng.SuiteRunner.privateRun(SuiteRunner.java:291)
	at org.testng.SuiteRunner.run(SuiteRunner.java:240)
	at org.testng.SuiteRunnerWorker.runSuite(SuiteRunnerWorker.java:52)
	at org.testng.SuiteRunnerWorker.run(SuiteRunnerWorker.java:86)
	at org.testng.TestNG.runSuitesSequentially(TestNG.java:1198)
	at org.testng.TestNG.runSuitesLocally(TestNG.java:1123)
	at org.testng.TestNG.run(TestNG.java:1031)
	at org.apache.maven.surefire.testng.TestNGExecutor.run(TestNGExecutor.java:77)
	at org.apache.maven.surefire.testng.TestNGDirectoryTestSuite.executeMulti(TestNGDirectoryTestSuite.java:159)
	at org.apache.maven.surefire.testng.TestNGDirectoryTestSuite.execute(TestNGDirectoryTestSuite.java:99)
	at org.apache.maven.surefire.testng.TestNGProvider.invoke(TestNGProvider.java:106)
	at sun.reflect.NativeMethodAccessorImpl.invoke0(Native Method)
	at sun.reflect.NativeMethodAccessorImpl.invoke(NativeMethodAccessorImpl.java:62)
	at sun.reflect.DelegatingMethodAccessorImpl.invoke(DelegatingMethodAccessorImpl.java:43)
	at java.lang.reflect.Method.invoke(Method.java:497)
	at org.apache.maven.surefire.util.ReflectionUtils.invokeMethodWithArray(ReflectionUtils.java:189)
	at org.apache.maven.surefire.booter.ProviderFactory$ProviderProxy.invoke(ProviderFactory.java:165)
	at org.apache.maven.surefire.booter.ProviderFactory.invokeProvider(ProviderFactory.java:85)
	at org.apache.maven.surefire.booter.ForkedBooter.runSuitesInProcess(ForkedBooter.java:115)
	at org.apache.maven.surefire.booter.ForkedBooter.main(ForkedBooter.java:75)
]]>
            </full-stacktrace>
          </exception> <!-- org.openqa.selenium.WebDriverException -->
          <reporter-output>
          </reporter-output>
        </test-method> <!-- setup -->
        <test-method status="SKIP" signature="closeBrowser()[pri:0, instance:com.hilton.TestCases.SignInPageTest@614c5515]" name="closeBrowser" is-config="true" duration-ms="0" started-at="2019-06-02T23:33:56Z" finished-at="2019-06-02T23:33:56Z">
          <reporter-output>
          </reporter-output>
        </test-method> <!-- closeBrowser -->
        <test-method status="SKIP" signature="verifySignInPageTitle()[pri:0, instance:com.hilton.TestCases.SignInPageTest@614c5515]" name="verifySignInPageTitle" duration-ms="0" started-at="2019-06-02T23:33:56Z" finished-at="2019-06-02T23:33:56Z">
          <reporter-output>
          </reporter-output>
        </test-method> <!-- verifySignInPageTitle -->
        <test-method status="SKIP" signature="verifyLogoTest()[pri:0, instance:com.hilton.TestCases.SignInPageTest@614c5515]" name="verifyLogoTest" duration-ms="0" started-at="2019-06-02T23:33:56Z" finished-at="2019-06-02T23:33:56Z">
          <reporter-output>
          </reporter-output>
        </test-method> <!-- verifyLogoTest -->
        <test-method status="SKIP" signature="setup()[pri:0, instance:com.hilton.TestCases.SignInPageTest@614c5515]" name="setup" is-config="true" duration-ms="0" started-at="2019-06-02T23:33:56Z" finished-at="2019-06-02T23:33:56Z">
          <reporter-output>
          </reporter-output>
        </test-method> <!-- setup -->
        <test-method status="SKIP" signature="closeBrowser()[pri:0, instance:com.hilton.TestCases.SignInPageTest@614c5515]" name="closeBrowser" is-config="true" duration-ms="0" started-at="2019-06-02T23:33:56Z" finished-at="2019-06-02T23:33:56Z">
          <reporter-output>
          </reporter-output>
        </test-method> <!-- closeBrowser -->
        <test-method status="SKIP" signature="closeBrowser()[pri:0, instance:com.hilton.TestCases.SignInPageTest@614c5515]" name="closeBrowser" is-config="true" duration-ms="0" started-at="2019-06-02T23:33:56Z" finished-at="2019-06-02T23:33:56Z">
          <reporter-output>
          </reporter-output>
        </test-method> <!-- closeBrowser -->
        <test-method status="SKIP" signature="clickSignInButtonTest()[pri:0, instance:com.hilton.TestCases.SignInPageTest@614c5515]" name="clickSignInButtonTest" duration-ms="0" started-at="2019-06-02T23:33:56Z" finished-at="2019-06-02T23:33:56Z">
          <reporter-output>
          </reporter-output>
        </test-method> <!-- clickSignInButtonTest -->
        <test-method status="SKIP" signature="setup()[pri:0, instance:com.hilton.TestCases.SignInPageTest@614c5515]" name="setup" is-config="true" duration-ms="0" started-at="2019-06-02T23:33:56Z" finished-at="2019-06-02T23:33:56Z">
          <reporter-output>
          </reporter-output>
        </test-method> <!-- setup -->
      </class> <!-- com.hilton.TestCases.SignInPageTest -->
    </test> <!-- Command line test -->
  </suite> <!-- Command line suite -->
</testng-results>
